Heroku client internal error.
Unable to find a browser command. If this is unexpected, Please rerun with environment variable LAUNCHY_DEBUG=true or the '-d' commandline option and file a bug at https://github.com/copiousfreetime/launchy/issues/new
/usr/local/heroku/vendor/gems/launchy-2.4.3/lib/launchy/applications/browser.rb:63:in `browser_cmdline'
/usr/local/heroku/vendor/gems/launchy-2.4.3/lib/launchy/applications/browser.rb:67:in `cmd_and_args'
/usr/local/heroku/vendor/gems/launchy-2.4.3/lib/launchy/applications/browser.rb:78:in `open'
/usr/local/heroku/vendor/gems/launchy-2.4.3/lib/launchy.rb:29:in `open'
/usr/local/heroku/lib/heroku/helpers.rb:362:in `block in launchy'
/usr/local/heroku/lib/heroku/helpers.rb:259:in `action'
/usr/local/heroku/lib/heroku/helpers.rb:360:in `launchy'
/usr/local/heroku/lib/heroku/command/apps.rb:344:in `open'
/usr/local/heroku/lib/heroku/command.rb:212:in `run'
/usr/local/heroku/lib/heroku/cli.rb:27:in `start'
/usr/bin/heroku:25:in `<main>'
Heroku client internal error.
Unable to find a browser command. If this is unexpected, Please rerun with environment variable LAUNCHY_DEBUG=true or the '-d' commandline option and file a bug at https://github.com/copiousfreetime/launchy/issues/new
/usr/local/heroku/vendor/gems/launchy-2.4.3/lib/launchy/applications/browser.rb:63:in `browser_cmdline'
/usr/local/heroku/vendor/gems/launchy-2.4.3/lib/launchy/applications/browser.rb:67:in `cmd_and_args'
/usr/local/heroku/vendor/gems/launchy-2.4.3/lib/launchy/applications/browser.rb:78:in `open'
/usr/local/heroku/vendor/gems/launchy-2.4.3/lib/launchy.rb:29:in `open'
/usr/local/heroku/lib/heroku/helpers.rb:362:in `block in launchy'
/usr/local/heroku/lib/heroku/helpers.rb:259:in `action'
/usr/local/heroku/lib/heroku/helpers.rb:360:in `launchy'
/usr/local/heroku/lib/heroku/command/apps.rb:344:in `open'
/usr/local/heroku/lib/heroku/command.rb:212:in `run'
/usr/local/heroku/lib/heroku/cli.rb:27:in `start'
/usr/bin/heroku:25:in `<main>'
Heroku client internal error.
Unable to find a browser command. If this is unexpected, Please rerun with environment variable LAUNCHY_DEBUG=true or the '-d' commandline option and file a bug at https://github.com/copiousfreetime/launchy/issues/new
/usr/local/heroku/vendor/gems/launchy-2.4.3/lib/launchy/applications/browser.rb:63:in `browser_cmdline'
/usr/local/heroku/vendor/gems/launchy-2.4.3/lib/launchy/applications/browser.rb:67:in `cmd_and_args'
/usr/local/heroku/vendor/gems/launchy-2.4.3/lib/launchy/applications/browser.rb:78:in `open'
/usr/local/heroku/vendor/gems/launchy-2.4.3/lib/launchy.rb:29:in `open'
/usr/local/heroku/lib/heroku/helpers.rb:362:in `block in launchy'
/usr/local/heroku/lib/heroku/helpers.rb:259:in `action'
/usr/local/heroku/lib/heroku/helpers.rb:360:in `launchy'
/usr/local/heroku/lib/heroku/command/apps.rb:344:in `open'
/usr/local/heroku/lib/heroku/command.rb:212:in `run'
/usr/local/heroku/lib/heroku/cli.rb:27:in `start'
/usr/bin/heroku:25:in `<main>'
Heroku client internal error.
Unable to find a browser command. If this is unexpected, Please rerun with environment variable LAUNCHY_DEBUG=true or the '-d' commandline option and file a bug at https://github.com/copiousfreetime/launchy/issues/new
/usr/local/heroku/vendor/gems/launchy-2.4.3/lib/launchy/applications/browser.rb:63:in `browser_cmdline'
/usr/local/heroku/vendor/gems/launchy-2.4.3/lib/launchy/applications/browser.rb:67:in `cmd_and_args'
/usr/local/heroku/vendor/gems/launchy-2.4.3/lib/launchy/applications/browser.rb:78:in `open'
/usr/local/heroku/vendor/gems/launchy-2.4.3/lib/launchy.rb:29:in `open'
/usr/local/heroku/lib/heroku/helpers.rb:362:in `block in launchy'
/usr/local/heroku/lib/heroku/helpers.rb:259:in `action'
/usr/local/heroku/lib/heroku/helpers.rb:360:in `launchy'
/usr/local/heroku/lib/heroku/command/apps.rb:344:in `open'
/usr/local/heroku/lib/heroku/command.rb:212:in `run'
/usr/local/heroku/lib/heroku/cli.rb:27:in `start'
/usr/bin/heroku:25:in `<main>'
